The system is: Linux - 3.16.0-38-generic - x86_64
Compiling the C compiler identification source file "CMakeCCompilerId.c" succeeded.
Compiler: /usr/bin/cc 
Build flags: 
Id flags: 

The output was:
0


Compilation of the C compiler identification source "CMakeCCompilerId.c" produced "a.out"

The C compiler identification is GNU, found in "/home/hexagonaled/secondrapics/Graphics/freeglut-3.0.0/CMakeFiles/2.8.12.2/CompilerIdC/a.out"

Compiling the CXX compiler identification source file "CMakeCXXCompilerId.cpp" succeeded.
Compiler: /usr/bin/c++ 
Build flags: 
Id flags: 

The output was:
0


Compilation of the CXX compiler identification source "CMakeCXXCompilerId.cpp" produced "a.out"

The CXX compiler identification is GNU, found in "/home/hexagonaled/secondrapics/Graphics/freeglut-3.0.0/CMakeFiles/2.8.12.2/CompilerIdCXX/a.out"

Determining if the C compiler works passed with the following output:
Change Dir: /home/hexagonaled/secondrapics/Graphics/freeglut-3.0.0/CMakeFiles/CMakeTmp

Run Build Command:/usr/bin/make "cmTryCompileExec2222180409/fast"
/usr/bin/make -f CMakeFiles/cmTryCompileExec2222180409.dir/build.make CMakeFiles/cmTryCompileExec2222180409.dir/build
make[1]: Entering directory `/home/hexagonaled/secondrapics/Graphics/freeglut-3.0.0/CMakeFiles/CMakeTmp'
/usr/bin/cmake -E cmake_progress_report /home/hexagonaled/secondrapics/Graphics/freeglut-3.0.0/CMakeFiles/CMakeTmp/CMakeFiles 1
Building C object CMakeFiles/cmTryCompileExec2222180409.dir/testCCompiler.c.o
/usr/bin/cc    -o CMakeFiles/cmTryCompileExec2222180409.dir/testCCompiler.c.o   -c /home/hexagonaled/secondrapics/Graphics/freeglut-3.0.0/CMakeFiles/CMakeTmp/testCCompiler.c
Linking C executable cmTryCompileExec2222180409
/usr/bin/cmake -E cmake_link_script CMakeFiles/cmTryCompileExec2222180409.dir/link.txt --verbose=1
/usr/bin/cc       CMakeFiles/cmTryCompileExec2222180409.dir/testCCompiler.c.o  -o cmTryCompileExec2222180409 -rdynamic 
make[1]: Leaving directory `/home/hexagonaled/secondrapics/Graphics/freeglut-3.0.0/CMakeFiles/CMakeTmp'


Detecting C compiler ABI info compiled with the following output:
Change Dir: /home/hexagonaled/secondrapics/Graphics/freeglut-3.0.0/CMakeFiles/CMakeTmp

Run Build Command:/usr/bin/make "cmTryCompileExec964186501/fast"
/usr/bin/make -f CMakeFiles/cmTryCompileExec964186501.dir/build.make CMakeFiles/cmTryCompileExec964186501.dir/build
make[1]: Entering directory `/home/hexagonaled/secondrapics/Graphics/freeglut-3.0.0/CMakeFiles/CMakeTmp'
/usr/bin/cmake -E cmake_progress_report /home/hexagonaled/secondrapics/Graphics/freeglut-3.0.0/CMakeFiles/CMakeTmp/CMakeFiles 1
Building C object CMakeFiles/cmTryCompileExec964186501.dir/CMakeCCompilerABI.c.o
/usr/bin/cc    -o CMakeFiles/cmTryCompileExec964186501.dir/CMakeCCompilerABI.c.o   -c /usr/share/cmake-2.8/Modules/CMakeCCompilerABI.c
Linking C executable cmTryCompileExec964186501
/usr/bin/cmake -E cmake_link_script CMakeFiles/cmTryCompileExec964186501.dir/link.txt --verbose=1
/usr/bin/cc     -v CMakeFiles/cmTryCompileExec964186501.dir/CMakeCCompilerABI.c.o  -o cmTryCompileExec964186501 -rdynamic  
Using built-in specs.
COLLECT_GCC=/usr/bin/cc
COLLECT_LTO_WRAPPER=/usr/lib/gcc/x86_64-linux-gnu/4.8/lto-wrapper
Target: x86_64-linux-gnu
Configured with: ../src/configure -v --with-pkgversion='Ubuntu 4.8.4-2ubuntu1~14.04.3' --with-bugurl=file:///usr/share/doc/gcc-4.8/README.Bugs --enable-languages=c,c++,java,go,d,fortran,objc,obj-c++ --prefix=/usr --program-suffix=-4.8 --enable-shared --enable-linker-build-id --libexecdir=/usr/lib --without-included-gettext --enable-threads=posix --with-gxx-include-dir=/usr/include/c++/4.8 --libdir=/usr/lib --enable-nls --with-sysroot=/ --enable-clocale=gnu --enable-libstdcxx-debug --enable-libstdcxx-time=yes --enable-gnu-unique-object --disable-libmudflap --enable-plugin --with-system-zlib --disable-browser-plugin --enable-java-awt=gtk --enable-gtk-cairo --with-java-home=/usr/lib/jvm/java-1.5.0-gcj-4.8-amd64/jre --enable-java-home --with-jvm-root-dir=/usr/lib/jvm/java-1.5.0-gcj-4.8-amd64 --with-jvm-jar-dir=/usr/lib/jvm-exports/java-1.5.0-gcj-4.8-amd64 --with-arch-directory=amd64 --with-ecj-jar=/usr/share/java/eclipse-ecj.jar --enable-objc-gc --enable-multiarch --disable-werror --with-arch-32=i686 --with-abi=m64 --with-multilib-list=m32,m64,mx32 --with-tune=generic --enable-checking=release --build=x86_64-linux-gnu --host=x86_64-linux-gnu --target=x86_64-linux-gnu
Thread model: posix
gcc version 4.8.4 (Ubuntu 4.8.4-2ubuntu1~14.04.3) 
COMPILER_PATH=/usr/lib/gcc/x86_64-linux-gnu/4.8/:/usr/lib/gcc/x86_64-linux-gnu/4.8/:/usr/lib/gcc/x86_64-linux-gnu/:/usr/lib/gcc/x86_64-linux-gnu/4.8/:/usr/lib/gcc/x86_64-linux-gnu/
LIBRARY_PATH=/usr/lib/gcc/x86_64-linux-gnu/4.8/:/usr/lib/gcc/x86_64-linux-gnu/4.8/../../../x86_64-linux-gnu/:/usr/lib/gcc/x86_64-linux-gnu/4.8/../../../../lib/:/lib/x86_64-linux-gnu/:/lib/../lib/:/usr/lib/x86_64-linux-gnu/:/usr/lib/../lib/:/usr/lib/gcc/x86_64-linux-gnu/4.8/../../../:/lib/:/usr/lib/
COLLECT_GCC_OPTIONS='-v' '-o' 'cmTryCompileExec964186501' '-rdynamic' '-mtune=generic' '-march=x86-64'
 /usr/lib/gcc/x86_64-linux-gnu/4.8/collect2 --sysroot=/ --build-id --eh-frame-hdr -m elf_x86_64 --hash-style=gnu --as-needed -export-dynamic -dynamic-linker /lib64/ld-linux-x86-64.so.2 -z relro -o cmTryCompileExec964186501 /usr/lib/gcc/x86_64-linux-gnu/4.8/../../../x86_64-linux-gnu/crt1.o /usr/lib/gcc/x86_64-linux-gnu/4.8/../../../x86_64-linux-gnu/crti.o /usr/lib/gcc/x86_64-linux-gnu/4.8/crtbegin.o -L/usr/lib/gcc/x86_64-linux-gnu/4.8 -L/usr/lib/gcc/x86_64-linux-gnu/4.8/../../../x86_64-linux-gnu -L/usr/lib/gcc/x86_64-linux-gnu/4.8/../../../../lib -L/lib/x86_64-linux-gnu -L/lib/../lib -L/usr/lib/x86_64-linux-gnu -L/usr/lib/../lib -L/usr/lib/gcc/x86_64-linux-gnu/4.8/../../.. CMakeFiles/cmTryCompileExec964186501.dir/CMakeCCompilerABI.c.o -lgcc --as-needed -lgcc_s --no-as-needed -lc -lgcc --as-needed -lgcc_s --no-as-needed /usr/lib/gcc/x86_64-linux-gnu/4.8/crtend.o /usr/lib/gcc/x86_64-linux-gnu/4.8/../../../x86_64-linux-gnu/crtn.o
make[1]: Leaving directory `/home/hexagonaled/secondrapics/Graphics/freeglut-3.0.0/CMakeFiles/CMakeTmp'


Parsed C implicit link information from above output:
  link line regex: [^( *|.*[/\])(ld|([^/\]+-)?ld|collect2)[^/\]*( |$)]
  ignore line: [Change Dir: /home/hexagonaled/secondrapics/Graphics/freeglut-3.0.0/CMakeFiles/CMakeTmp]
  ignore line: []
  ignore line: [Run Build Command:/usr/bin/make "cmTryCompileExec964186501/fast"]
  ignore line: [/usr/bin/make -f CMakeFiles/cmTryCompileExec964186501.dir/build.make CMakeFiles/cmTryCompileExec964186501.dir/build]
  ignore line: [make[1]: Entering directory `/home/hexagonaled/secondrapics/Graphics/freeglut-3.0.0/CMakeFiles/CMakeTmp']
  ignore line: [/usr/bin/cmake -E cmake_progress_report /home/hexagonaled/secondrapics/Graphics/freeglut-3.0.0/CMakeFiles/CMakeTmp/CMakeFiles 1]
  ignore line: [Building C object CMakeFiles/cmTryCompileExec964186501.dir/CMakeCCompilerABI.c.o]
  ignore line: [/usr/bin/cc    -o CMakeFiles/cmTryCompileExec964186501.dir/CMakeCCompilerABI.c.o   -c /usr/share/cmake-2.8/Modules/CMakeCCompilerABI.c]
  ignore line: [Linking C executable cmTryCompileExec964186501]
  ignore line: [/usr/bin/cmake -E cmake_link_script CMakeFiles/cmTryCompileExec964186501.dir/link.txt --verbose=1]
  ignore line: [/usr/bin/cc     -v CMakeFiles/cmTryCompileExec964186501.dir/CMakeCCompilerABI.c.o  -o cmTryCompileExec964186501 -rdynamic  ]
  ignore line: [Using built-in specs.]
  ignore line: [COLLECT_GCC=/usr/bin/cc]
  ignore line: [COLLECT_LTO_WRAPPER=/usr/lib/gcc/x86_64-linux-gnu/4.8/lto-wrapper]
  ignore line: [Target: x86_64-linux-gnu]
  ignore line: [Configured with: ../src/configure -v --with-pkgversion='Ubuntu 4.8.4-2ubuntu1~14.04.3' --with-bugurl=file:///usr/share/doc/gcc-4.8/README.Bugs --enable-languages=c,c++,java,go,d,fortran,objc,obj-c++ --prefix=/usr --program-suffix=-4.8 --enable-shared --enable-linker-build-id --libexecdir=/usr/lib --without-included-gettext --enable-threads=posix --with-gxx-include-dir=/usr/include/c++/4.8 --libdir=/usr/lib --enable-nls --with-sysroot=/ --enable-clocale=gnu --enable-libstdcxx-debug --enable-libstdcxx-time=yes --enable-gnu-unique-object --disable-libmudflap --enable-plugin --with-system-zlib --disable-browser-plugin --enable-java-awt=gtk --enable-gtk-cairo --with-java-home=/usr/lib/jvm/java-1.5.0-gcj-4.8-amd64/jre --enable-java-home --with-jvm-root-dir=/usr/lib/jvm/java-1.5.0-gcj-4.8-amd64 --with-jvm-jar-dir=/usr/lib/jvm-exports/java-1.5.0-gcj-4.8-amd64 --with-arch-directory=amd64 --with-ecj-jar=/usr/share/java/eclipse-ecj.jar --enable-objc-gc --enable-multiarch --disable-werror --with-arch-32=i686 --with-abi=m64 --with-multilib-list=m32,m64,mx32 --with-tune=generic --enable-checking=release --build=x86_64-linux-gnu --host=x86_64-linux-gnu --target=x86_64-linux-gnu]
  ignore line: [Thread model: posix]
  ignore line: [gcc version 4.8.4 (Ubuntu 4.8.4-2ubuntu1~14.04.3) ]
  ignore line: [COMPILER_PATH=/usr/lib/gcc/x86_64-linux-gnu/4.8/:/usr/lib/gcc/x86_64-linux-gnu/4.8/:/usr/lib/gcc/x86_64-linux-gnu/:/usr/lib/gcc/x86_64-linux-gnu/4.8/:/usr/lib/gcc/x86_64-linux-gnu/]
  ignore line: [LIBRARY_PATH=/usr/lib/gcc/x86_64-linux-gnu/4.8/:/usr/lib/gcc/x86_64-linux-gnu/4.8/../../../x86_64-linux-gnu/:/usr/lib/gcc/x86_64-linux-gnu/4.8/../../../../lib/:/lib/x86_64-linux-gnu/:/lib/../lib/:/usr/lib/x86_64-linux-gnu/:/usr/lib/../lib/:/usr/lib/gcc/x86_64-linux-gnu/4.8/../../../:/lib/:/usr/lib/]
  ignore line: [COLLECT_GCC_OPTIONS='-v' '-o' 'cmTryCompileExec964186501' '-rdynamic' '-mtune=generic' '-march=x86-64']
  link line: [ /usr/lib/gcc/x86_64-linux-gnu/4.8/collect2 --sysroot=/ --build-id --eh-frame-hdr -m elf_x86_64 --hash-style=gnu --as-needed -export-dynamic -dynamic-linker /lib64/ld-linux-x86-64.so.2 -z relro -o cmTryCompileExec964186501 /usr/lib/gcc/x86_64-linux-gnu/4.8/../../../x86_64-linux-gnu/crt1.o /usr/lib/gcc/x86_64-linux-gnu/4.8/../../../x86_64-linux-gnu/crti.o /usr/lib/gcc/x86_64-linux-gnu/4.8/crtbegin.o -L/usr/lib/gcc/x86_64-linux-gnu/4.8 -L/usr/lib/gcc/x86_64-linux-gnu/4.8/../../../x86_64-linux-gnu -L/usr/lib/gcc/x86_64-linux-gnu/4.8/../../../../lib -L/lib/x86_64-linux-gnu -L/lib/../lib -L/usr/lib/x86_64-linux-gnu -L/usr/lib/../lib -L/usr/lib/gcc/x86_64-linux-gnu/4.8/../../.. CMakeFiles/cmTryCompileExec964186501.dir/CMakeCCompilerABI.c.o -lgcc --as-needed -lgcc_s --no-as-needed -lc -lgcc --as-needed -lgcc_s --no-as-needed /usr/lib/gcc/x86_64-linux-gnu/4.8/crtend.o /usr/lib/gcc/x86_64-linux-gnu/4.8/../../../x86_64-linux-gnu/crtn.o]
    arg [/usr/lib/gcc/x86_64-linux-gnu/4.8/collect2] ==> ignore
    arg [--sysroot=/] ==> ignore
    arg [--build-id] ==> ignore
    arg [--eh-frame-hdr] ==> ignore
    arg [-m] ==> ignore
    arg [elf_x86_64] ==> ignore
    arg [--hash-style=gnu] ==> ignore
    arg [--as-needed] ==> ignore
    arg [-export-dynamic] ==> ignore
    arg [-dynamic-linker] ==> ignore
    arg [/lib64/ld-linux-x86-64.so.2] ==> ignore
    arg [-zrelro] ==> ignore
    arg [-o] ==> ignore
    arg [cmTryCompileExec964186501] ==> ignore
    arg [/usr/lib/gcc/x86_64-linux-gnu/4.8/../../../x86_64-linux-gnu/crt1.o] ==> ignore
    arg [/usr/lib/gcc/x86_64-linux-gnu/4.8/../../../x86_64-linux-gnu/crti.o] ==> ignore
    arg [/usr/lib/gcc/x86_64-linux-gnu/4.8/crtbegin.o] ==> ignore
    arg [-L/usr/lib/gcc/x86_64-linux-gnu/4.8] ==> dir [/usr/lib/gcc/x86_64-linux-gnu/4.8]
    arg [-L/usr/lib/gcc/x86_64-linux-gnu/4.8/../../../x86_64-linux-gnu] ==> dir [/usr/lib/gcc/x86_64-linux-gnu/4.8/../../../x86_64-linux-gnu]
    arg [-L/usr/lib/gcc/x86_64-linux-gnu/4.8/../../../../lib] ==> dir [/usr/lib/gcc/x86_64-linux-gnu/4.8/../../../../lib]
    arg [-L/lib/x86_64-linux-gnu] ==> dir [/lib/x86_64-linux-gnu]
    arg [-L/lib/../lib] ==> dir [/lib/../lib]
    arg [-L/usr/lib/x86_64-linux-gnu] ==> dir [/usr/lib/x86_64-linux-gnu]
    arg [-L/usr/lib/../lib] ==> dir [/usr/lib/../lib]
    arg [-L/usr/lib/gcc/x86_64-linux-gnu/4.8/../../..] ==> dir [/usr/lib/gcc/x86_64-linux-gnu/4.8/../../..]
    arg [CMakeFiles/cmTryCompileExec964186501.dir/CMakeCCompilerABI.c.o] ==> ignore
    arg [-lgcc] ==> lib [gcc]
    arg [--as-needed] ==> ignore
    arg [-lgcc_s] ==> lib [gcc_s]
    arg [--no-as-needed] ==> ignore
    arg [-lc] ==> lib [c]
    arg [-lgcc] ==> lib [gcc]
    arg [--as-needed] ==> ignore
    arg [-lgcc_s] ==> lib [gcc_s]
    arg [--no-as-needed] ==> ignore
    arg [/usr/lib/gcc/x86_64-linux-gnu/4.8/crtend.o] ==> ignore
    arg [/usr/lib/gcc/x86_64-linux-gnu/4.8/../../../x86_64-linux-gnu/crtn.o] ==> ignore
  remove lib [gcc]
  remove lib [gcc_s]
  remove lib [gcc]
  remove lib [gcc_s]
  collapse library dir [/usr/lib/gcc/x86_64-linux-gnu/4.8] ==> [/usr/lib/gcc/x86_64-linux-gnu/4.8]
  collapse library dir [/usr/lib/gcc/x86_64-linux-gnu/4.8/../../../x86_64-linux-gnu] ==> [/usr/lib/x86_64-linux-gnu]
  collapse library dir [/usr/lib/gcc/x86_64-linux-gnu/4.8/../../../../lib] ==> [/usr/lib]
  collapse library dir [/lib/x86_64-linux-gnu] ==> [/lib/x86_64-linux-gnu]
  collapse library dir [/lib/../lib] ==> [/lib]
  collapse library dir [/usr/lib/x86_64-linux-gnu] ==> [/usr/lib/x86_64-linux-gnu]
  collapse library dir [/usr/lib/../lib] ==> [/usr/lib]
  collapse library dir [/usr/lib/gcc/x86_64-linux-gnu/4.8/../../..] ==> [/usr/lib]
  implicit libs: [c]
  implicit dirs: [/usr/lib/gcc/x86_64-linux-gnu/4.8;/usr/lib/x86_64-linux-gnu;/usr/lib;/lib/x86_64-linux-gnu;/lib]
  implicit fwks: []


Determining if the CXX compiler works passed with the following output:
Change Dir: /home/hexagonaled/secondrapics/Graphics/freeglut-3.0.0/CMakeFiles/CMakeTmp

Run Build Command:/usr/bin/make "cmTryCompileExec3829772277/fast"
/usr/bin/make -f CMakeFiles/cmTryCompileExec3829772277.dir/build.make CMakeFiles/cmTryCompileExec3829772277.dir/build
make[1]: Entering directory `/home/hexagonaled/secondrapics/Graphics/freeglut-3.0.0/CMakeFiles/CMakeTmp'
/usr/bin/cmake -E cmake_progress_report /home/hexagonaled/secondrapics/Graphics/freeglut-3.0.0/CMakeFiles/CMakeTmp/CMakeFiles 1
Building CXX object CMakeFiles/cmTryCompileExec3829772277.dir/testCXXCompiler.cxx.o
/usr/bin/c++     -o CMakeFiles/cmTryCompileExec3829772277.dir/testCXXCompiler.cxx.o -c /home/hexagonaled/secondrapics/Graphics/freeglut-3.0.0/CMakeFiles/CMakeTmp/testCXXCompiler.cxx
Linking CXX executable cmTryCompileExec3829772277
/usr/bin/cmake -E cmake_link_script CMakeFiles/cmTryCompileExec3829772277.dir/link.txt --verbose=1
/usr/bin/c++        CMakeFiles/cmTryCompileExec3829772277.dir/testCXXCompiler.cxx.o  -o cmTryCompileExec3829772277 -rdynamic 
make[1]: Leaving directory `/home/hexagonaled/secondrapics/Graphics/freeglut-3.0.0/CMakeFiles/CMakeTmp'


Detecting CXX compiler ABI info compiled with the following output:
Change Dir: /home/hexagonaled/secondrapics/Graphics/freeglut-3.0.0/CMakeFiles/CMakeTmp

Run Build Command:/usr/bin/make "cmTryCompileExec1671094322/fast"
/usr/bin/make -f CMakeFiles/cmTryCompileExec1671094322.dir/build.make CMakeFiles/cmTryCompileExec1671094322.dir/build
make[1]: Entering directory `/home/hexagonaled/secondrapics/Graphics/freeglut-3.0.0/CMakeFiles/CMakeTmp'
/usr/bin/cmake -E cmake_progress_report /home/hexagonaled/secondrapics/Graphics/freeglut-3.0.0/CMakeFiles/CMakeTmp/CMakeFiles 1
Building CXX object CMakeFiles/cmTryCompileExec1671094322.dir/CMakeCXXCompilerABI.cpp.o
/usr/bin/c++     -o CMakeFiles/cmTryCompileExec1671094322.dir/CMakeCXXCompilerABI.cpp.o -c /usr/share/cmake-2.8/Modules/CMakeCXXCompilerABI.cpp
Linking CXX executable cmTryCompileExec1671094322
/usr/bin/cmake -E cmake_link_script CMakeFiles/cmTryCompileExec1671094322.dir/link.txt --verbose=1
/usr/bin/c++      -v CMakeFiles/cmTryCompileExec1671094322.dir/CMakeCXXCompilerABI.cpp.o  -o cmTryCompileExec1671094322 -rdynamic  
Using built-in specs.
COLLECT_GCC=/usr/bin/c++
COLLECT_LTO_WRAPPER=/usr/lib/gcc/x86_64-linux-gnu/4.8/lto-wrapper
Target: x86_64-linux-gnu
Configured with: ../src/configure -v --with-pkgversion='Ubuntu 4.8.4-2ubuntu1~14.04.3' --with-bugurl=file:///usr/share/doc/gcc-4.8/README.Bugs --enable-languages=c,c++,java,go,d,fortran,objc,obj-c++ --prefix=/usr --program-suffix=-4.8 --enable-shared --enable-linker-build-id --libexecdir=/usr/lib --without-included-gettext --enable-threads=posix --with-gxx-include-dir=/usr/include/c++/4.8 --libdir=/usr/lib --enable-nls --with-sysroot=/ --enable-clocale=gnu --enable-libstdcxx-debug --enable-libstdcxx-time=yes --enable-gnu-unique-object --disable-libmudflap --enable-plugin --with-system-zlib --disable-browser-plugin --enable-java-awt=gtk --enable-gtk-cairo --with-java-home=/usr/lib/jvm/java-1.5.0-gcj-4.8-amd64/jre --enable-java-home --with-jvm-root-dir=/usr/lib/jvm/java-1.5.0-gcj-4.8-amd64 --with-jvm-jar-dir=/usr/lib/jvm-exports/java-1.5.0-gcj-4.8-amd64 --with-arch-directory=amd64 --with-ecj-jar=/usr/share/java/eclipse-ecj.jar --enable-objc-gc --enable-multiarch --disable-werror --with-arch-32=i686 --with-abi=m64 --with-multilib-list=m32,m64,mx32 --with-tune=generic --enable-checking=release --build=x86_64-linux-gnu --host=x86_64-linux-gnu --target=x86_64-linux-gnu
Thread model: posix
gcc version 4.8.4 (Ubuntu 4.8.4-2ubuntu1~14.04.3) 
COMPILER_PATH=/usr/lib/gcc/x86_64-linux-gnu/4.8/:/usr/lib/gcc/x86_64-linux-gnu/4.8/:/usr/lib/gcc/x86_64-linux-gnu/:/usr/lib/gcc/x86_64-linux-gnu/4.8/:/usr/lib/gcc/x86_64-linux-gnu/
LIBRARY_PATH=/usr/lib/gcc/x86_64-linux-gnu/4.8/:/usr/lib/gcc/x86_64-linux-gnu/4.8/../../../x86_64-linux-gnu/:/usr/lib/gcc/x86_64-linux-gnu/4.8/../../../../lib/:/lib/x86_64-linux-gnu/:/lib/../lib/:/usr/lib/x86_64-linux-gnu/:/usr/lib/../lib/:/usr/lib/gcc/x86_64-linux-gnu/4.8/../../../:/lib/:/usr/lib/
COLLECT_GCC_OPTIONS='-v' '-o' 'cmTryCompileExec1671094322' '-rdynamic' '-shared-libgcc' '-mtune=generic' '-march=x86-64'
 /usr/lib/gcc/x86_64-linux-gnu/4.8/collect2 --sysroot=/ --build-id --eh-frame-hdr -m elf_x86_64 --hash-style=gnu --as-needed -export-dynamic -dynamic-linker /lib64/ld-linux-x86-64.so.2 -z relro -o cmTryCompileExec1671094322 /usr/lib/gcc/x86_64-linux-gnu/4.8/../../../x86_64-linux-gnu/crt1.o /usr/lib/gcc/x86_64-linux-gnu/4.8/../../../x86_64-linux-gnu/crti.o /usr/lib/gcc/x86_64-linux-gnu/4.8/crtbegin.o -L/usr/lib/gcc/x86_64-linux-gnu/4.8 -L/usr/lib/gcc/x86_64-linux-gnu/4.8/../../../x86_64-linux-gnu -L/usr/lib/gcc/x86_64-linux-gnu/4.8/../../../../lib -L/lib/x86_64-linux-gnu -L/lib/../lib -L/usr/lib/x86_64-linux-gnu -L/usr/lib/../lib -L/usr/lib/gcc/x86_64-linux-gnu/4.8/../../.. CMakeFiles/cmTryCompileExec1671094322.dir/CMakeCXXCompilerABI.cpp.o -lstdc++ -lm -lgcc_s -lgcc -lc -lgcc_s -lgcc /usr/lib/gcc/x86_64-linux-gnu/4.8/crtend.o /usr/lib/gcc/x86_64-linux-gnu/4.8/../../../x86_64-linux-gnu/crtn.o
make[1]: Leaving directory `/home/hexagonaled/secondrapics/Graphics/freeglut-3.0.0/CMakeFiles/CMakeTmp'


Parsed CXX implicit link information from above output:
  link line regex: [^( *|.*[/\])(ld|([^/\]+-)?ld|collect2)[^/\]*( |$)]
  ignore line: [Change Dir: /home/hexagonaled/secondrapics/Graphics/freeglut-3.0.0/CMakeFiles/CMakeTmp]
  ignore line: []
  ignore line: [Run Build Command:/usr/bin/make "cmTryCompileExec1671094322/fast"]
  ignore line: [/usr/bin/make -f CMakeFiles/cmTryCompileExec1671094322.dir/build.make CMakeFiles/cmTryCompileExec1671094322.dir/build]
  ignore line: [make[1]: Entering directory `/home/hexagonaled/secondrapics/Graphics/freeglut-3.0.0/CMakeFiles/CMakeTmp']
  ignore line: [/usr/bin/cmake -E cmake_progress_report /home/hexagonaled/secondrapics/Graphics/freeglut-3.0.0/CMakeFiles/CMakeTmp/CMakeFiles 1]
  ignore line: [Building CXX object CMakeFiles/cmTryCompileExec1671094322.dir/CMakeCXXCompilerABI.cpp.o]
  ignore line: [/usr/bin/c++     -o CMakeFiles/cmTryCompileExec1671094322.dir/CMakeCXXCompilerABI.cpp.o -c /usr/share/cmake-2.8/Modules/CMakeCXXCompilerABI.cpp]
  ignore line: [Linking CXX executable cmTryCompileExec1671094322]
  ignore line: [/usr/bin/cmake -E cmake_link_script CMakeFiles/cmTryCompileExec1671094322.dir/link.txt --verbose=1]
  ignore line: [/usr/bin/c++      -v CMakeFiles/cmTryCompileExec1671094322.dir/CMakeCXXCompilerABI.cpp.o  -o cmTryCompileExec1671094322 -rdynamic  ]
  ignore line: [Using built-in specs.]
  ignore line: [COLLECT_GCC=/usr/bin/c++]
  ignore line: [COLLECT_LTO_WRAPPER=/usr/lib/gcc/x86_64-linux-gnu/4.8/lto-wrapper]
  ignore line: [Target: x86_64-linux-gnu]
  ignore line: [Configured with: ../src/configure -v --with-pkgversion='Ubuntu 4.8.4-2ubuntu1~14.04.3' --with-bugurl=file:///usr/share/doc/gcc-4.8/README.Bugs --enable-languages=c,c++,java,go,d,fortran,objc,obj-c++ --prefix=/usr --program-suffix=-4.8 --enable-shared --enable-linker-build-id --libexecdir=/usr/lib --without-included-gettext --enable-threads=posix --with-gxx-include-dir=/usr/include/c++/4.8 --libdir=/usr/lib --enable-nls --with-sysroot=/ --enable-clocale=gnu --enable-libstdcxx-debug --enable-libstdcxx-time=yes --enable-gnu-unique-object --disable-libmudflap --enable-plugin --with-system-zlib --disable-browser-plugin --enable-java-awt=gtk --enable-gtk-cairo --with-java-home=/usr/lib/jvm/java-1.5.0-gcj-4.8-amd64/jre --enable-java-home --with-jvm-root-dir=/usr/lib/jvm/java-1.5.0-gcj-4.8-amd64 --with-jvm-jar-dir=/usr/lib/jvm-exports/java-1.5.0-gcj-4.8-amd64 --with-arch-directory=amd64 --with-ecj-jar=/usr/share/java/eclipse-ecj.jar --enable-objc-gc --enable-multiarch --disable-werror --with-arch-32=i686 --with-abi=m64 --with-multilib-list=m32,m64,mx32 --with-tune=generic --enable-checking=release --build=x86_64-linux-gnu --host=x86_64-linux-gnu --target=x86_64-linux-gnu]
  ignore line: [Thread model: posix]
  ignore line: [gcc version 4.8.4 (Ubuntu 4.8.4-2ubuntu1~14.04.3) ]
  ignore line: [COMPILER_PATH=/usr/lib/gcc/x86_64-linux-gnu/4.8/:/usr/lib/gcc/x86_64-linux-gnu/4.8/:/usr/lib/gcc/x86_64-linux-gnu/:/usr/lib/gcc/x86_64-linux-gnu/4.8/:/usr/lib/gcc/x86_64-linux-gnu/]
  ignore line: [LIBRARY_PATH=/usr/lib/gcc/x86_64-linux-gnu/4.8/:/usr/lib/gcc/x86_64-linux-gnu/4.8/../../../x86_64-linux-gnu/:/usr/lib/gcc/x86_64-linux-gnu/4.8/../../../../lib/:/lib/x86_64-linux-gnu/:/lib/../lib/:/usr/lib/x86_64-linux-gnu/:/usr/lib/../lib/:/usr/lib/gcc/x86_64-linux-gnu/4.8/../../../:/lib/:/usr/lib/]
  ignore line: [COLLECT_GCC_OPTIONS='-v' '-o' 'cmTryCompileExec1671094322' '-rdynamic' '-shared-libgcc' '-mtune=generic' '-march=x86-64']
  link line: [ /usr/lib/gcc/x86_64-linux-gnu/4.8/collect2 --sysroot=/ --build-id --eh-frame-hdr -m elf_x86_64 --hash-style=gnu --as-needed -export-dynamic -dynamic-linker /lib64/ld-linux-x86-64.so.2 -z relro -o cmTryCompileExec1671094322 /usr/lib/gcc/x86_64-linux-gnu/4.8/../../../x86_64-linux-gnu/crt1.o /usr/lib/gcc/x86_64-linux-gnu/4.8/../../../x86_64-linux-gnu/crti.o /usr/lib/gcc/x86_64-linux-gnu/4.8/crtbegin.o -L/usr/lib/gcc/x86_64-linux-gnu/4.8 -L/usr/lib/gcc/x86_64-linux-gnu/4.8/../../../x86_64-linux-gnu -L/usr/lib/gcc/x86_64-linux-gnu/4.8/../../../../lib -L/lib/x86_64-linux-gnu -L/lib/../lib -L/usr/lib/x86_64-linux-gnu -L/usr/lib/../lib -L/usr/lib/gcc/x86_64-linux-gnu/4.8/../../.. CMakeFiles/cmTryCompileExec1671094322.dir/CMakeCXXCompilerABI.cpp.o -lstdc++ -lm -lgcc_s -lgcc -lc -lgcc_s -lgcc /usr/lib/gcc/x86_64-linux-gnu/4.8/crtend.o /usr/lib/gcc/x86_64-linux-gnu/4.8/../../../x86_64-linux-gnu/crtn.o]
    arg [/usr/lib/gcc/x86_64-linux-gnu/4.8/collect2] ==> ignore
    arg [--sysroot=/] ==> ignore
    arg [--build-id] ==> ignore
    arg [--eh-frame-hdr] ==> ignore
    arg [-m] ==> ignore
    arg [elf_x86_64] ==> ignore
    arg [--hash-style=gnu] ==> ignore
    arg [--as-needed] ==> ignore
    arg [-export-dynamic] ==> ignore
    arg [-dynamic-linker] ==> ignore
    arg [/lib64/ld-linux-x86-64.so.2] ==> ignore
    arg [-zrelro] ==> ignore
    arg [-o] ==> ignore
    arg [cmTryCompileExec1671094322] ==> ignore
    arg [/usr/lib/gcc/x86_64-linux-gnu/4.8/../../../x86_64-linux-gnu/crt1.o] ==> ignore
    arg [/usr/lib/gcc/x86_64-linux-gnu/4.8/../../../x86_64-linux-gnu/crti.o] ==> ignore
    arg [/usr/lib/gcc/x86_64-linux-gnu/4.8/crtbegin.o] ==> ignore
    arg [-L/usr/lib/gcc/x86_64-linux-gnu/4.8] ==> dir [/usr/lib/gcc/x86_64-linux-gnu/4.8]
    arg [-L/usr/lib/gcc/x86_64-linux-gnu/4.8/../../../x86_64-linux-gnu] ==> dir [/usr/lib/gcc/x86_64-linux-gnu/4.8/../../../x86_64-linux-gnu]
    arg [-L/usr/lib/gcc/x86_64-linux-gnu/4.8/../../../../lib] ==> dir [/usr/lib/gcc/x86_64-linux-gnu/4.8/../../../../lib]
    arg [-L/lib/x86_64-linux-gnu] ==> dir [/lib/x86_64-linux-gnu]
    arg [-L/lib/../lib] ==> dir [/lib/../lib]
    arg [-L/usr/lib/x86_64-linux-gnu] ==> dir [/usr/lib/x86_64-linux-gnu]
    arg [-L/usr/lib/../lib] ==> dir [/usr/lib/../lib]
    arg [-L/usr/lib/gcc/x86_64-linux-gnu/4.8/../../..] ==> dir [/usr/lib/gcc/x86_64-linux-gnu/4.8/../../..]
    arg [CMakeFiles/cmTryCompileExec1671094322.dir/CMakeCXXCompilerABI.cpp.o] ==> ignore
    arg [-lstdc++] ==> lib [stdc++]
    arg [-lm] ==> lib [m]
    arg [-lgcc_s] ==> lib [gcc_s]
    arg [-lgcc] ==> lib [gcc]
    arg [-lc] ==> lib [c]
    arg [-lgcc_s] ==> lib [gcc_s]
    arg [-lgcc] ==> lib [gcc]
    arg [/usr/lib/gcc/x86_64-linux-gnu/4.8/crtend.o] ==> ignore
    arg [/usr/lib/gcc/x86_64-linux-gnu/4.8/../../../x86_64-linux-gnu/crtn.o] ==> ignore
  remove lib [gcc_s]
  remove lib [gcc]
  remove lib [gcc_s]
  remove lib [gcc]
  collapse library dir [/usr/lib/gcc/x86_64-linux-gnu/4.8] ==> [/usr/lib/gcc/x86_64-linux-gnu/4.8]
  collapse library dir [/usr/lib/gcc/x86_64-linux-gnu/4.8/../../../x86_64-linux-gnu] ==> [/usr/lib/x86_64-linux-gnu]
  collapse library dir [/usr/lib/gcc/x86_64-linux-gnu/4.8/../../../../lib] ==> [/usr/lib]
  collapse library dir [/lib/x86_64-linux-gnu] ==> [/lib/x86_64-linux-gnu]
  collapse library dir [/lib/../lib] ==> [/lib]
  collapse library dir [/usr/lib/x86_64-linux-gnu] ==> [/usr/lib/x86_64-linux-gnu]
  collapse library dir [/usr/lib/../lib] ==> [/usr/lib]
  collapse library dir [/usr/lib/gcc/x86_64-linux-gnu/4.8/../../..] ==> [/usr/lib]
  implicit libs: [stdc++;m;c]
  implicit dirs: [/usr/lib/gcc/x86_64-linux-gnu/4.8;/usr/lib/x86_64-linux-gnu;/usr/lib;/lib/x86_64-linux-gnu;/lib]
  implicit fwks: []


Determining if the function XOpenDisplay exists in the /usr/lib/x86_64-linux-gnu/libX11.so;/usr/lib/x86_64-linux-gnu/libXext.so passed with the following output:
Change Dir: /home/hexagonaled/secondrapics/Graphics/freeglut-3.0.0/CMakeFiles/CMakeTmp

Run Build Command:/usr/bin/make "cmTryCompileExec934389310/fast"
/usr/bin/make -f CMakeFiles/cmTryCompileExec934389310.dir/build.make CMakeFiles/cmTryCompileExec934389310.dir/build
make[1]: Entering directory `/home/hexagonaled/secondrapics/Graphics/freeglut-3.0.0/CMakeFiles/CMakeTmp'
/usr/bin/cmake -E cmake_progress_report /home/hexagonaled/secondrapics/Graphics/freeglut-3.0.0/CMakeFiles/CMakeTmp/CMakeFiles 1
Building C object CMakeFiles/cmTryCompileExec934389310.dir/CheckFunctionExists.c.o
/usr/bin/cc   -DCHECK_FUNCTION_EXISTS=XOpenDisplay   -o CMakeFiles/cmTryCompileExec934389310.dir/CheckFunctionExists.c.o   -c /usr/share/cmake-2.8/Modules/CheckFunctionExists.c
Linking C executable cmTryCompileExec934389310
/usr/bin/cmake -E cmake_link_script CMakeFiles/cmTryCompileExec934389310.dir/link.txt --verbose=1
/usr/bin/cc   -DCHECK_FUNCTION_EXISTS=XOpenDisplay    CMakeFiles/cmTryCompileExec934389310.dir/CheckFunctionExists.c.o  -o cmTryCompileExec934389310 -rdynamic -lX11 -lXext 
make[1]: Leaving directory `/home/hexagonaled/secondrapics/Graphics/freeglut-3.0.0/CMakeFiles/CMakeTmp'


Determining if the function gethostbyname exists passed with the following output:
Change Dir: /home/hexagonaled/secondrapics/Graphics/freeglut-3.0.0/CMakeFiles/CMakeTmp

Run Build Command:/usr/bin/make "cmTryCompileExec3431521595/fast"
/usr/bin/make -f CMakeFiles/cmTryCompileExec3431521595.dir/build.make CMakeFiles/cmTryCompileExec3431521595.dir/build
make[1]: Entering directory `/home/hexagonaled/secondrapics/Graphics/freeglut-3.0.0/CMakeFiles/CMakeTmp'
/usr/bin/cmake -E cmake_progress_report /home/hexagonaled/secondrapics/Graphics/freeglut-3.0.0/CMakeFiles/CMakeTmp/CMakeFiles 1
Building C object CMakeFiles/cmTryCompileExec3431521595.dir/CheckFunctionExists.c.o
/usr/bin/cc   -DCHECK_FUNCTION_EXISTS=gethostbyname   -o CMakeFiles/cmTryCompileExec3431521595.dir/CheckFunctionExists.c.o   -c /usr/share/cmake-2.8/Modules/CheckFunctionExists.c
Linking C executable cmTryCompileExec3431521595
/usr/bin/cmake -E cmake_link_script CMakeFiles/cmTryCompileExec3431521595.dir/link.txt --verbose=1
/usr/bin/cc   -DCHECK_FUNCTION_EXISTS=gethostbyname    CMakeFiles/cmTryCompileExec3431521595.dir/CheckFunctionExists.c.o  -o cmTryCompileExec3431521595 -rdynamic 
make[1]: Leaving directory `/home/hexagonaled/secondrapics/Graphics/freeglut-3.0.0/CMakeFiles/CMakeTmp'


Determining if the function connect exists passed with the following output:
Change Dir: /home/hexagonaled/secondrapics/Graphics/freeglut-3.0.0/CMakeFiles/CMakeTmp

Run Build Command:/usr/bin/make "cmTryCompileExec1952533531/fast"
/usr/bin/make -f CMakeFiles/cmTryCompileExec1952533531.dir/build.make CMakeFiles/cmTryCompileExec1952533531.dir/build
make[1]: Entering directory `/home/hexagonaled/secondrapics/Graphics/freeglut-3.0.0/CMakeFiles/CMakeTmp'
/usr/bin/cmake -E cmake_progress_report /home/hexagonaled/secondrapics/Graphics/freeglut-3.0.0/CMakeFiles/CMakeTmp/CMakeFiles 1
Building C object CMakeFiles/cmTryCompileExec1952533531.dir/CheckFunctionExists.c.o
/usr/bin/cc   -DCHECK_FUNCTION_EXISTS=connect   -o CMakeFiles/cmTryCompileExec1952533531.dir/CheckFunctionExists.c.o   -c /usr/share/cmake-2.8/Modules/CheckFunctionExists.c
Linking C executable cmTryCompileExec1952533531
/usr/bin/cmake -E cmake_link_script CMakeFiles/cmTryCompileExec1952533531.dir/link.txt --verbose=1
/usr/bin/cc   -DCHECK_FUNCTION_EXISTS=connect    CMakeFiles/cmTryCompileExec1952533531.dir/CheckFunctionExists.c.o  -o cmTryCompileExec1952533531 -rdynamic 
make[1]: Leaving directory `/home/hexagonaled/secondrapics/Graphics/freeglut-3.0.0/CMakeFiles/CMakeTmp'


Determining if the function remove exists passed with the following output:
Change Dir: /home/hexagonaled/secondrapics/Graphics/freeglut-3.0.0/CMakeFiles/CMakeTmp

Run Build Command:/usr/bin/make "cmTryCompileExec1505735326/fast"
/usr/bin/make -f CMakeFiles/cmTryCompileExec1505735326.dir/build.make CMakeFiles/cmTryCompileExec1505735326.dir/build
make[1]: Entering directory `/home/hexagonaled/secondrapics/Graphics/freeglut-3.0.0/CMakeFiles/CMakeTmp'
/usr/bin/cmake -E cmake_progress_report /home/hexagonaled/secondrapics/Graphics/freeglut-3.0.0/CMakeFiles/CMakeTmp/CMakeFiles 1
Building C object CMakeFiles/cmTryCompileExec1505735326.dir/CheckFunctionExists.c.o
/usr/bin/cc   -DCHECK_FUNCTION_EXISTS=remove   -o CMakeFiles/cmTryCompileExec1505735326.dir/CheckFunctionExists.c.o   -c /usr/share/cmake-2.8/Modules/CheckFunctionExists.c
Linking C executable cmTryCompileExec1505735326
/usr/bin/cmake -E cmake_link_script CMakeFiles/cmTryCompileExec1505735326.dir/link.txt --verbose=1
/usr/bin/cc   -DCHECK_FUNCTION_EXISTS=remove    CMakeFiles/cmTryCompileExec1505735326.dir/CheckFunctionExists.c.o  -o cmTryCompileExec1505735326 -rdynamic 
make[1]: Leaving directory `/home/hexagonaled/secondrapics/Graphics/freeglut-3.0.0/CMakeFiles/CMakeTmp'


Determining if the function shmat exists passed with the following output:
Change Dir: /home/hexagonaled/secondrapics/Graphics/freeglut-3.0.0/CMakeFiles/CMakeTmp

Run Build Command:/usr/bin/make "cmTryCompileExec1100535968/fast"
/usr/bin/make -f CMakeFiles/cmTryCompileExec1100535968.dir/build.make CMakeFiles/cmTryCompileExec1100535968.dir/build
make[1]: Entering directory `/home/hexagonaled/secondrapics/Graphics/freeglut-3.0.0/CMakeFiles/CMakeTmp'
/usr/bin/cmake -E cmake_progress_report /home/hexagonaled/secondrapics/Graphics/freeglut-3.0.0/CMakeFiles/CMakeTmp/CMakeFiles 1
Building C object CMakeFiles/cmTryCompileExec1100535968.dir/CheckFunctionExists.c.o
/usr/bin/cc   -DCHECK_FUNCTION_EXISTS=shmat   -o CMakeFiles/cmTryCompileExec1100535968.dir/CheckFunctionExists.c.o   -c /usr/share/cmake-2.8/Modules/CheckFunctionExists.c
Linking C executable cmTryCompileExec1100535968
/usr/bin/cmake -E cmake_link_script CMakeFiles/cmTryCompileExec1100535968.dir/link.txt --verbose=1
/usr/bin/cc   -DCHECK_FUNCTION_EXISTS=shmat    CMakeFiles/cmTryCompileExec1100535968.dir/CheckFunctionExists.c.o  -o cmTryCompileExec1100535968 -rdynamic 
make[1]: Leaving directory `/home/hexagonaled/secondrapics/Graphics/freeglut-3.0.0/CMakeFiles/CMakeTmp'


Determining if files /usr/include/X11/extensions/XInput2.h exist passed with the following output:
Change Dir: /home/hexagonaled/secondrapics/Graphics/freeglut-3.0.0/CMakeFiles/CMakeTmp

Run Build Command:/usr/bin/make "cmTryCompileExec3057640499/fast"
/usr/bin/make -f CMakeFiles/cmTryCompileExec3057640499.dir/build.make CMakeFiles/cmTryCompileExec3057640499.dir/build
make[1]: Entering directory `/home/hexagonaled/secondrapics/Graphics/freeglut-3.0.0/CMakeFiles/CMakeTmp'
/usr/bin/cmake -E cmake_progress_report /home/hexagonaled/secondrapics/Graphics/freeglut-3.0.0/CMakeFiles/CMakeTmp/CMakeFiles 1
Building C object CMakeFiles/cmTryCompileExec3057640499.dir/CheckIncludeFiles.c.o
/usr/bin/cc   -Wall -pedantic    -o CMakeFiles/cmTryCompileExec3057640499.dir/CheckIncludeFiles.c.o   -c /home/hexagonaled/secondrapics/Graphics/freeglut-3.0.0/CMakeFiles/CMakeTmp/CheckIncludeFiles.c
Linking C executable cmTryCompileExec3057640499
/usr/bin/cmake -E cmake_link_script CMakeFiles/cmTryCompileExec3057640499.dir/link.txt --verbose=1
/usr/bin/cc   -Wall -pedantic     CMakeFiles/cmTryCompileExec3057640499.dir/CheckIncludeFiles.c.o  -o cmTryCompileExec3057640499 -rdynamic 
make[1]: Leaving directory `/home/hexagonaled/secondrapics/Graphics/freeglut-3.0.0/CMakeFiles/CMakeTmp'


Determining if files sys/types.h exist passed with the following output:
Change Dir: /home/hexagonaled/secondrapics/Graphics/freeglut-3.0.0/CMakeFiles/CMakeTmp

Run Build Command:/usr/bin/make "cmTryCompileExec359554289/fast"
/usr/bin/make -f CMakeFiles/cmTryCompileExec359554289.dir/build.make CMakeFiles/cmTryCompileExec359554289.dir/build
make[1]: Entering directory `/home/hexagonaled/secondrapics/Graphics/freeglut-3.0.0/CMakeFiles/CMakeTmp'
/usr/bin/cmake -E cmake_progress_report /home/hexagonaled/secondrapics/Graphics/freeglut-3.0.0/CMakeFiles/CMakeTmp/CMakeFiles 1
Building C object CMakeFiles/cmTryCompileExec359554289.dir/CheckIncludeFiles.c.o
/usr/bin/cc   -Wall -pedantic    -o CMakeFiles/cmTryCompileExec359554289.dir/CheckIncludeFiles.c.o   -c /home/hexagonaled/secondrapics/Graphics/freeglut-3.0.0/CMakeFiles/CMakeTmp/CheckIncludeFiles.c
Linking C executable cmTryCompileExec359554289
/usr/bin/cmake -E cmake_link_script CMakeFiles/cmTryCompileExec359554289.dir/link.txt --verbose=1
/usr/bin/cc   -Wall -pedantic     CMakeFiles/cmTryCompileExec359554289.dir/CheckIncludeFiles.c.o  -o cmTryCompileExec359554289 -rdynamic 
make[1]: Leaving directory `/home/hexagonaled/secondrapics/Graphics/freeglut-3.0.0/CMakeFiles/CMakeTmp'


Determining if files unistd.h exist passed with the following output:
Change Dir: /home/hexagonaled/secondrapics/Graphics/freeglut-3.0.0/CMakeFiles/CMakeTmp

Run Build Command:/usr/bin/make "cmTryCompileExec4097332479/fast"
/usr/bin/make -f CMakeFiles/cmTryCompileExec4097332479.dir/build.make CMakeFiles/cmTryCompileExec4097332479.dir/build
make[1]: Entering directory `/home/hexagonaled/secondrapics/Graphics/freeglut-3.0.0/CMakeFiles/CMakeTmp'
/usr/bin/cmake -E cmake_progress_report /home/hexagonaled/secondrapics/Graphics/freeglut-3.0.0/CMakeFiles/CMakeTmp/CMakeFiles 1
Building C object CMakeFiles/cmTryCompileExec4097332479.dir/CheckIncludeFiles.c.o
/usr/bin/cc   -Wall -pedantic    -o CMakeFiles/cmTryCompileExec4097332479.dir/CheckIncludeFiles.c.o   -c /home/hexagonaled/secondrapics/Graphics/freeglut-3.0.0/CMakeFiles/CMakeTmp/CheckIncludeFiles.c
Linking C executable cmTryCompileExec4097332479
/usr/bin/cmake -E cmake_link_script CMakeFiles/cmTryCompileExec4097332479.dir/link.txt --verbose=1
/usr/bin/cc   -Wall -pedantic     CMakeFiles/cmTryCompileExec4097332479.dir/CheckIncludeFiles.c.o  -o cmTryCompileExec4097332479 -rdynamic 
make[1]: Leaving directory `/home/hexagonaled/secondrapics/Graphics/freeglut-3.0.0/CMakeFiles/CMakeTmp'


Determining if files sys/time.h exist passed with the following output:
Change Dir: /home/hexagonaled/secondrapics/Graphics/freeglut-3.0.0/CMakeFiles/CMakeTmp

Run Build Command:/usr/bin/make "cmTryCompileExec1780232/fast"
/usr/bin/make -f CMakeFiles/cmTryCompileExec1780232.dir/build.make CMakeFiles/cmTryCompileExec1780232.dir/build
make[1]: Entering directory `/home/hexagonaled/secondrapics/Graphics/freeglut-3.0.0/CMakeFiles/CMakeTmp'
/usr/bin/cmake -E cmake_progress_report /home/hexagonaled/secondrapics/Graphics/freeglut-3.0.0/CMakeFiles/CMakeTmp/CMakeFiles 1
Building C object CMakeFiles/cmTryCompileExec1780232.dir/CheckIncludeFiles.c.o
/usr/bin/cc   -Wall -pedantic    -o CMakeFiles/cmTryCompileExec1780232.dir/CheckIncludeFiles.c.o   -c /home/hexagonaled/secondrapics/Graphics/freeglut-3.0.0/CMakeFiles/CMakeTmp/CheckIncludeFiles.c
Linking C executable cmTryCompileExec1780232
/usr/bin/cmake -E cmake_link_script CMakeFiles/cmTryCompileExec1780232.dir/link.txt --verbose=1
/usr/bin/cc   -Wall -pedantic     CMakeFiles/cmTryCompileExec1780232.dir/CheckIncludeFiles.c.o  -o cmTryCompileExec1780232 -rdynamic 
make[1]: Leaving directory `/home/hexagonaled/secondrapics/Graphics/freeglut-3.0.0/CMakeFiles/CMakeTmp'


Determining if files stdbool.h exist passed with the following output:
Change Dir: /home/hexagonaled/secondrapics/Graphics/freeglut-3.0.0/CMakeFiles/CMakeTmp

Run Build Command:/usr/bin/make "cmTryCompileExec1601709591/fast"
/usr/bin/make -f CMakeFiles/cmTryCompileExec1601709591.dir/build.make CMakeFiles/cmTryCompileExec1601709591.dir/build
make[1]: Entering directory `/home/hexagonaled/secondrapics/Graphics/freeglut-3.0.0/CMakeFiles/CMakeTmp'
/usr/bin/cmake -E cmake_progress_report /home/hexagonaled/secondrapics/Graphics/freeglut-3.0.0/CMakeFiles/CMakeTmp/CMakeFiles 1
Building C object CMakeFiles/cmTryCompileExec1601709591.dir/CheckIncludeFiles.c.o
/usr/bin/cc   -Wall -pedantic    -o CMakeFiles/cmTryCompileExec1601709591.dir/CheckIncludeFiles.c.o   -c /home/hexagonaled/secondrapics/Graphics/freeglut-3.0.0/CMakeFiles/CMakeTmp/CheckIncludeFiles.c
Linking C executable cmTryCompileExec1601709591
/usr/bin/cmake -E cmake_link_script CMakeFiles/cmTryCompileExec1601709591.dir/link.txt --verbose=1
/usr/bin/cc   -Wall -pedantic     CMakeFiles/cmTryCompileExec1601709591.dir/CheckIncludeFiles.c.o  -o cmTryCompileExec1601709591 -rdynamic 
make[1]: Leaving directory `/home/hexagonaled/secondrapics/Graphics/freeglut-3.0.0/CMakeFiles/CMakeTmp'


Determining if files sys/param.h exist passed with the following output:
Change Dir: /home/hexagonaled/secondrapics/Graphics/freeglut-3.0.0/CMakeFiles/CMakeTmp

Run Build Command:/usr/bin/make "cmTryCompileExec913868051/fast"
/usr/bin/make -f CMakeFiles/cmTryCompileExec913868051.dir/build.make CMakeFiles/cmTryCompileExec913868051.dir/build
make[1]: Entering directory `/home/hexagonaled/secondrapics/Graphics/freeglut-3.0.0/CMakeFiles/CMakeTmp'
/usr/bin/cmake -E cmake_progress_report /home/hexagonaled/secondrapics/Graphics/freeglut-3.0.0/CMakeFiles/CMakeTmp/CMakeFiles 1
Building C object CMakeFiles/cmTryCompileExec913868051.dir/CheckIncludeFiles.c.o
/usr/bin/cc   -Wall -pedantic    -o CMakeFiles/cmTryCompileExec913868051.dir/CheckIncludeFiles.c.o   -c /home/hexagonaled/secondrapics/Graphics/freeglut-3.0.0/CMakeFiles/CMakeTmp/CheckIncludeFiles.c
Linking C executable cmTryCompileExec913868051
/usr/bin/cmake -E cmake_link_script CMakeFiles/cmTryCompileExec913868051.dir/link.txt --verbose=1
/usr/bin/cc   -Wall -pedantic     CMakeFiles/cmTryCompileExec913868051.dir/CheckIncludeFiles.c.o  -o cmTryCompileExec913868051 -rdynamic 
make[1]: Leaving directory `/home/hexagonaled/secondrapics/Graphics/freeglut-3.0.0/CMakeFiles/CMakeTmp'


Determining if files sys/ioctl.h exist passed with the following output:
Change Dir: /home/hexagonaled/secondrapics/Graphics/freeglut-3.0.0/CMakeFiles/CMakeTmp

Run Build Command:/usr/bin/make "cmTryCompileExec3976097992/fast"
/usr/bin/make -f CMakeFiles/cmTryCompileExec3976097992.dir/build.make CMakeFiles/cmTryCompileExec3976097992.dir/build
make[1]: Entering directory `/home/hexagonaled/secondrapics/Graphics/freeglut-3.0.0/CMakeFiles/CMakeTmp'
/usr/bin/cmake -E cmake_progress_report /home/hexagonaled/secondrapics/Graphics/freeglut-3.0.0/CMakeFiles/CMakeTmp/CMakeFiles 1
Building C object CMakeFiles/cmTryCompileExec3976097992.dir/CheckIncludeFiles.c.o
/usr/bin/cc   -Wall -pedantic    -o CMakeFiles/cmTryCompileExec3976097992.dir/CheckIncludeFiles.c.o   -c /home/hexagonaled/secondrapics/Graphics/freeglut-3.0.0/CMakeFiles/CMakeTmp/CheckIncludeFiles.c
Linking C executable cmTryCompileExec3976097992
/usr/bin/cmake -E cmake_link_script CMakeFiles/cmTryCompileExec3976097992.dir/link.txt --verbose=1
/usr/bin/cc   -Wall -pedantic     CMakeFiles/cmTryCompileExec3976097992.dir/CheckIncludeFiles.c.o  -o cmTryCompileExec3976097992 -rdynamic 
make[1]: Leaving directory `/home/hexagonaled/secondrapics/Graphics/freeglut-3.0.0/CMakeFiles/CMakeTmp'


Determining if files fcntl.h exist passed with the following output:
Change Dir: /home/hexagonaled/secondrapics/Graphics/freeglut-3.0.0/CMakeFiles/CMakeTmp

Run Build Command:/usr/bin/make "cmTryCompileExec3204686364/fast"
/usr/bin/make -f CMakeFiles/cmTryCompileExec3204686364.dir/build.make CMakeFiles/cmTryCompileExec3204686364.dir/build
make[1]: Entering directory `/home/hexagonaled/secondrapics/Graphics/freeglut-3.0.0/CMakeFiles/CMakeTmp'
/usr/bin/cmake -E cmake_progress_report /home/hexagonaled/secondrapics/Graphics/freeglut-3.0.0/CMakeFiles/CMakeTmp/CMakeFiles 1
Building C object CMakeFiles/cmTryCompileExec3204686364.dir/CheckIncludeFiles.c.o
/usr/bin/cc   -Wall -pedantic    -o CMakeFiles/cmTryCompileExec3204686364.dir/CheckIncludeFiles.c.o   -c /home/hexagonaled/secondrapics/Graphics/freeglut-3.0.0/CMakeFiles/CMakeTmp/CheckIncludeFiles.c
Linking C executable cmTryCompileExec3204686364
/usr/bin/cmake -E cmake_link_script CMakeFiles/cmTryCompileExec3204686364.dir/link.txt --verbose=1
/usr/bin/cc   -Wall -pedantic     CMakeFiles/cmTryCompileExec3204686364.dir/CheckIncludeFiles.c.o  -o cmTryCompileExec3204686364 -rdynamic 
make[1]: Leaving directory `/home/hexagonaled/secondrapics/Graphics/freeglut-3.0.0/CMakeFiles/CMakeTmp'


Determining if the function gettimeofday exists passed with the following output:
Change Dir: /home/hexagonaled/secondrapics/Graphics/freeglut-3.0.0/CMakeFiles/CMakeTmp

Run Build Command:/usr/bin/make "cmTryCompileExec434630599/fast"
/usr/bin/make -f CMakeFiles/cmTryCompileExec434630599.dir/build.make CMakeFiles/cmTryCompileExec434630599.dir/build
make[1]: Entering directory `/home/hexagonaled/secondrapics/Graphics/freeglut-3.0.0/CMakeFiles/CMakeTmp'
/usr/bin/cmake -E cmake_progress_report /home/hexagonaled/secondrapics/Graphics/freeglut-3.0.0/CMakeFiles/CMakeTmp/CMakeFiles 1
Building C object CMakeFiles/cmTryCompileExec434630599.dir/CheckFunctionExists.c.o
/usr/bin/cc   -Wall -pedantic -DCHECK_FUNCTION_EXISTS=gettimeofday   -o CMakeFiles/cmTryCompileExec434630599.dir/CheckFunctionExists.c.o   -c /usr/share/cmake-2.8/Modules/CheckFunctionExists.c
Linking C executable cmTryCompileExec434630599
/usr/bin/cmake -E cmake_link_script CMakeFiles/cmTryCompileExec434630599.dir/link.txt --verbose=1
/usr/bin/cc   -Wall -pedantic -DCHECK_FUNCTION_EXISTS=gettimeofday    CMakeFiles/cmTryCompileExec434630599.dir/CheckFunctionExists.c.o  -o cmTryCompileExec434630599 -rdynamic -lm 
make[1]: Leaving directory `/home/hexagonaled/secondrapics/Graphics/freeglut-3.0.0/CMakeFiles/CMakeTmp'


Determining if files stdint.h exist passed with the following output:
Change Dir: /home/hexagonaled/secondrapics/Graphics/freeglut-3.0.0/CMakeFiles/CMakeTmp

Run Build Command:/usr/bin/make "cmTryCompileExec118009132/fast"
/usr/bin/make -f CMakeFiles/cmTryCompileExec118009132.dir/build.make CMakeFiles/cmTryCompileExec118009132.dir/build
make[1]: Entering directory `/home/hexagonaled/secondrapics/Graphics/freeglut-3.0.0/CMakeFiles/CMakeTmp'
/usr/bin/cmake -E cmake_progress_report /home/hexagonaled/secondrapics/Graphics/freeglut-3.0.0/CMakeFiles/CMakeTmp/CMakeFiles 1
Building C object CMakeFiles/cmTryCompileExec118009132.dir/CheckIncludeFiles.c.o
/usr/bin/cc   -Wall -pedantic    -o CMakeFiles/cmTryCompileExec118009132.dir/CheckIncludeFiles.c.o   -c /home/hexagonaled/secondrapics/Graphics/freeglut-3.0.0/CMakeFiles/CMakeTmp/CheckIncludeFiles.c
Linking C executable cmTryCompileExec118009132
/usr/bin/cmake -E cmake_link_script CMakeFiles/cmTryCompileExec118009132.dir/link.txt --verbose=1
/usr/bin/cc   -Wall -pedantic     CMakeFiles/cmTryCompileExec118009132.dir/CheckIncludeFiles.c.o  -o cmTryCompileExec118009132 -rdynamic 
make[1]: Leaving directory `/home/hexagonaled/secondrapics/Graphics/freeglut-3.0.0/CMakeFiles/CMakeTmp'


Determining if files inttypes.h exist passed with the following output:
Change Dir: /home/hexagonaled/secondrapics/Graphics/freeglut-3.0.0/CMakeFiles/CMakeTmp

Run Build Command:/usr/bin/make "cmTryCompileExec3825358066/fast"
/usr/bin/make -f CMakeFiles/cmTryCompileExec3825358066.dir/build.make CMakeFiles/cmTryCompileExec3825358066.dir/build
make[1]: Entering directory `/home/hexagonaled/secondrapics/Graphics/freeglut-3.0.0/CMakeFiles/CMakeTmp'
/usr/bin/cmake -E cmake_progress_report /home/hexagonaled/secondrapics/Graphics/freeglut-3.0.0/CMakeFiles/CMakeTmp/CMakeFiles 1
Building C object CMakeFiles/cmTryCompileExec3825358066.dir/CheckIncludeFiles.c.o
/usr/bin/cc   -Wall -pedantic    -o CMakeFiles/cmTryCompileExec3825358066.dir/CheckIncludeFiles.c.o   -c /home/hexagonaled/secondrapics/Graphics/freeglut-3.0.0/CMakeFiles/CMakeTmp/CheckIncludeFiles.c
Linking C executable cmTryCompileExec3825358066
/usr/bin/cmake -E cmake_link_script CMakeFiles/cmTryCompileExec3825358066.dir/link.txt --verbose=1
/usr/bin/cc   -Wall -pedantic     CMakeFiles/cmTryCompileExec3825358066.dir/CheckIncludeFiles.c.o  -o cmTryCompileExec3825358066 -rdynamic 
make[1]: Leaving directory `/home/hexagonaled/secondrapics/Graphics/freeglut-3.0.0/CMakeFiles/CMakeTmp'


Determining if the function IceConnectionNumber exists in the ICE passed with the following output:
Change Dir: /home/hexagonaled/secondrapics/Graphics/freeglut-3.0.0/CMakeFiles/CMakeTmp

Run Build Command:/usr/bin/make "cmTryCompileExec582599375/fast"
/usr/bin/make -f CMakeFiles/cmTryCompileExec582599375.dir/build.make CMakeFiles/cmTryCompileExec582599375.dir/build
make[1]: Entering directory `/home/hexagonaled/secondrapics/Graphics/freeglut-3.0.0/CMakeFiles/CMakeTmp'
/usr/bin/cmake -E cmake_progress_report /home/hexagonaled/secondrapics/Graphics/freeglut-3.0.0/CMakeFiles/CMakeTmp/CMakeFiles 1
Building C object CMakeFiles/cmTryCompileExec582599375.dir/CheckFunctionExists.c.o
/usr/bin/cc   -DCHECK_FUNCTION_EXISTS=IceConnectionNumber   -o CMakeFiles/cmTryCompileExec582599375.dir/CheckFunctionExists.c.o   -c /usr/share/cmake-2.8/Modules/CheckFunctionExists.c
Linking C executable cmTryCompileExec582599375
/usr/bin/cmake -E cmake_link_script CMakeFiles/cmTryCompileExec582599375.dir/link.txt --verbose=1
/usr/bin/cc   -DCHECK_FUNCTION_EXISTS=IceConnectionNumber    CMakeFiles/cmTryCompileExec582599375.dir/CheckFunctionExists.c.o  -o cmTryCompileExec582599375 -rdynamic -lICE 
make[1]: Leaving directory `/home/hexagonaled/secondrapics/Graphics/freeglut-3.0.0/CMakeFiles/CMakeTmp'


