Determining if files usbhid.h exist failed with the following output:
Change Dir: /home/hexagonaled/Graphics/freeglut-3.0.0/CMakeFiles/CMakeTmp

Run Build Command:"/usr/bin/make" "cmTC_e4d61/fast"
/usr/bin/make -f CMakeFiles/cmTC_e4d61.dir/build.make CMakeFiles/cmTC_e4d61.dir/build
make[1]: Entering directory '/home/hexagonaled/Graphics/freeglut-3.0.0/CMakeFiles/CMakeTmp'
Building C object CMakeFiles/cmTC_e4d61.dir/CheckIncludeFiles.c.o
/usr/bin/cc    -Wall -pedantic    -o CMakeFiles/cmTC_e4d61.dir/CheckIncludeFiles.c.o   -c /home/hexagonaled/Graphics/freeglut-3.0.0/CMakeFiles/CMakeTmp/CheckIncludeFiles.c
/home/hexagonaled/Graphics/freeglut-3.0.0/CMakeFiles/CMakeTmp/CheckIncludeFiles.c:2:20: fatal error: usbhid.h: No such file or directory
compilation terminated.
CMakeFiles/cmTC_e4d61.dir/build.make:65: recipe for target 'CMakeFiles/cmTC_e4d61.dir/CheckIncludeFiles.c.o' failed
make[1]: *** [CMakeFiles/cmTC_e4d61.dir/CheckIncludeFiles.c.o] Error 1
make[1]: Leaving directory '/home/hexagonaled/Graphics/freeglut-3.0.0/CMakeFiles/CMakeTmp'
Makefile:126: recipe for target 'cmTC_e4d61/fast' failed
make: *** [cmTC_e4d61/fast] Error 2

Source:
/* */
#include <usbhid.h>


int main(void){return 0;}

Determining if the function XParseGeometry exists failed with the following output:
Change Dir: /home/hexagonaled/Graphics/freeglut-3.0.0/CMakeFiles/CMakeTmp

Run Build Command:"/usr/bin/make" "cmTC_4dfdf/fast"
/usr/bin/make -f CMakeFiles/cmTC_4dfdf.dir/build.make CMakeFiles/cmTC_4dfdf.dir/build
make[1]: Entering directory '/home/hexagonaled/Graphics/freeglut-3.0.0/CMakeFiles/CMakeTmp'
Building C object CMakeFiles/cmTC_4dfdf.dir/CheckFunctionExists.c.o
/usr/bin/cc    -Wall -pedantic -DCHECK_FUNCTION_EXISTS=XParseGeometry   -o CMakeFiles/cmTC_4dfdf.dir/CheckFunctionExists.c.o   -c /usr/share/cmake-3.5/Modules/CheckFunctionExists.c
Linking C executable cmTC_4dfdf
/usr/bin/cmake -E cmake_link_script CMakeFiles/cmTC_4dfdf.dir/link.txt --verbose=1
/usr/bin/cc   -Wall -pedantic -DCHECK_FUNCTION_EXISTS=XParseGeometry    CMakeFiles/cmTC_4dfdf.dir/CheckFunctionExists.c.o  -o cmTC_4dfdf -rdynamic -lm 
CMakeFiles/cmTC_4dfdf.dir/CheckFunctionExists.c.o: In function `main':
CheckFunctionExists.c:(.text+0x12): undefined reference to `XParseGeometry'
collect2: error: ld returned 1 exit status
CMakeFiles/cmTC_4dfdf.dir/build.make:97: recipe for target 'cmTC_4dfdf' failed
make[1]: *** [cmTC_4dfdf] Error 1
make[1]: Leaving directory '/home/hexagonaled/Graphics/freeglut-3.0.0/CMakeFiles/CMakeTmp'
Makefile:126: recipe for target 'cmTC_4dfdf/fast' failed
make: *** [cmTC_4dfdf/fast] Error 2


